  Animation.cpp
  ClearScene.cpp
d:\ㅁㅇ\휴지통\고등학교\rg동아리홍보프로젝트\project1\project1\clearscene.cpp(11): warning C4244: '=': 'int'에서 'FLOAT'(으)로 변환하면서 데이터가 손실될 수 있습니다.
d:\ㅁㅇ\휴지통\고등학교\rg동아리홍보프로젝트\project1\project1\clearscene.cpp(13): warning C4244: '=': 'int'에서 'FLOAT'(으)로 변환하면서 데이터가 손실될 수 있습니다.
d:\ㅁㅇ\휴지통\고등학교\rg동아리홍보프로젝트\project1\project1\clearscene.cpp(14): warning C4244: '=': 'int'에서 'FLOAT'(으)로 변환하면서 데이터가 손실될 수 있습니다.
d:\ㅁㅇ\휴지통\고등학교\rg동아리홍보프로젝트\project1\project1\clearscene.cpp(16): warning C4244: '=': 'int'에서 'FLOAT'(으)로 변환하면서 데이터가 손실될 수 있습니다.
d:\ㅁㅇ\휴지통\고등학교\rg동아리홍보프로젝트\project1\project1\clearscene.cpp(26): warning C4244: '=': 'double'에서 'float'(으)로 변환하면서 데이터가 손실될 수 있습니다.
d:\ㅁㅇ\휴지통\고등학교\rg동아리홍보프로젝트\project1\project1\clearscene.cpp(27): warning C4244: '=': 'double'에서 'float'(으)로 변환하면서 데이터가 손실될 수 있습니다.
d:\ㅁㅇ\휴지통\고등학교\rg동아리홍보프로젝트\project1\project1\clearscene.cpp(28): warning C4244: '=': 'double'에서 'float'(으)로 변환하면서 데이터가 손실될 수 있습니다.
d:\ㅁㅇ\휴지통\고등학교\rg동아리홍보프로젝트\project1\project1\clearscene.cpp(29): warning C4244: '=': 'double'에서 'float'(으)로 변환하면서 데이터가 손실될 수 있습니다.
d:\ㅁㅇ\휴지통\고등학교\rg동아리홍보프로젝트\project1\project1\clearscene.cpp(30): warning C4244: '=': 'double'에서 'float'(으)로 변환하면서 데이터가 손실될 수 있습니다.
d:\ㅁㅇ\휴지통\고등학교\rg동아리홍보프로젝트\project1\project1\clearscene.cpp(51): warning C4244: '인수': 'int'에서 'float'(으)로 변환하면서 데이터가 손실될 수 있습니다.
d:\ㅁㅇ\휴지통\고등학교\rg동아리홍보프로젝트\project1\project1\clearscene.cpp(61): warning C4244: '인수': 'int'에서 'float'(으)로 변환하면서 데이터가 손실될 수 있습니다.
d:\ㅁㅇ\휴지통\고등학교\rg동아리홍보프로젝트\project1\project1\clearscene.cpp(142): warning C4244: 'return': 'double'에서 'float'(으)로 변환하면서 데이터가 손실될 수 있습니다.
d:\ㅁㅇ\휴지통\고등학교\rg동아리홍보프로젝트\project1\project1\clearscene.cpp(144): warning C4244: 'return': 'double'에서 'float'(으)로 변환하면서 데이터가 손실될 수 있습니다.
  Enemy.cpp
d:\ㅁㅇ\휴지통\고등학교\rg동아리홍보프로젝트\project1\project1\enemy.cpp(7): warning C4244: '=': 'int'에서 'FLOAT'(으)로 변환하면서 데이터가 손실될 수 있습니다.
d:\ㅁㅇ\휴지통\고등학교\rg동아리홍보프로젝트\project1\project1\enemy.cpp(8): warning C4244: '=': 'int'에서 'FLOAT'(으)로 변환하면서 데이터가 손실될 수 있습니다.
d:\ㅁㅇ\휴지통\고등학교\rg동아리홍보프로젝트\project1\project1\enemy.cpp(32): warning C4244: '+=': 'double'에서 'FLOAT'(으)로 변환하면서 데이터가 손실될 수 있습니다.
d:\ㅁㅇ\휴지통\고등학교\rg동아리홍보프로젝트\project1\project1\enemy.cpp(33): warning C4244: '+=': 'double'에서 'FLOAT'(으)로 변환하면서 데이터가 손실될 수 있습니다.
  EnemyManager.cpp
  GameOverScene.cpp
d:\ㅁㅇ\휴지통\고등학교\rg동아리홍보프로젝트\project1\project1\gameoverscene.cpp(14): warning C4244: '=': 'int'에서 'FLOAT'(으)로 변환하면서 데이터가 손실될 수 있습니다.
d:\ㅁㅇ\휴지통\고등학교\rg동아리홍보프로젝트\project1\project1\gameoverscene.cpp(19): warning C4244: '=': 'int'에서 'FLOAT'(으)로 변환하면서 데이터가 손실될 수 있습니다.
d:\ㅁㅇ\휴지통\고등학교\rg동아리홍보프로젝트\project1\project1\gameoverscene.cpp(20): warning C4244: '=': 'int'에서 'FLOAT'(으)로 변환하면서 데이터가 손실될 수 있습니다.
d:\ㅁㅇ\휴지통\고등학교\rg동아리홍보프로젝트\project1\project1\gameoverscene.cpp(22): warning C4244: '=': 'int'에서 'FLOAT'(으)로 변환하면서 데이터가 손실될 수 있습니다.
d:\ㅁㅇ\휴지통\고등학교\rg동아리홍보프로젝트\project1\project1\gameoverscene.cpp(23): warning C4244: '=': 'double'에서 'float'(으)로 변환하면서 데이터가 손실될 수 있습니다.
d:\ㅁㅇ\휴지통\고등학교\rg동아리홍보프로젝트\project1\project1\gameoverscene.cpp(24): warning C4244: '=': 'double'에서 'float'(으)로 변환하면서 데이터가 손실될 수 있습니다.
d:\ㅁㅇ\휴지통\고등학교\rg동아리홍보프로젝트\project1\project1\gameoverscene.cpp(25): warning C4244: '=': 'double'에서 'float'(으)로 변환하면서 데이터가 손실될 수 있습니다.
d:\ㅁㅇ\휴지통\고등학교\rg동아리홍보프로젝트\project1\project1\gameoverscene.cpp(26): warning C4244: '=': 'double'에서 'float'(으)로 변환하면서 데이터가 손실될 수 있습니다.
d:\ㅁㅇ\휴지통\고등학교\rg동아리홍보프로젝트\project1\project1\gameoverscene.cpp(27): warning C4244: '=': 'double'에서 'float'(으)로 변환하면서 데이터가 손실될 수 있습니다.
d:\ㅁㅇ\휴지통\고등학교\rg동아리홍보프로젝트\project1\project1\gameoverscene.cpp(51): warning C4244: '인수': 'int'에서 'float'(으)로 변환하면서 데이터가 손실될 수 있습니다.
d:\ㅁㅇ\휴지통\고등학교\rg동아리홍보프로젝트\project1\project1\gameoverscene.cpp(61): warning C4244: '인수': 'int'에서 'float'(으)로 변환하면서 데이터가 손실될 수 있습니다.
d:\ㅁㅇ\휴지통\고등학교\rg동아리홍보프로젝트\project1\project1\gameoverscene.cpp(134): warning C4244: 'return': 'double'에서 'float'(으)로 변환하면서 데이터가 손실될 수 있습니다.
d:\ㅁㅇ\휴지통\고등학교\rg동아리홍보프로젝트\project1\project1\gameoverscene.cpp(136): warning C4244: 'return': 'double'에서 'float'(으)로 변환하면서 데이터가 손실될 수 있습니다.
  GameScene.cpp
d:\ㅁㅇ\휴지통\고등학교\rg동아리홍보프로젝트\project1\project1\gamescene.cpp(13): warning C4244: '=': 'int'에서 'FLOAT'(으)로 변환하면서 데이터가 손실될 수 있습니다.
d:\ㅁㅇ\휴지통\고등학교\rg동아리홍보프로젝트\project1\project1\gamescene.cpp(14): warning C4244: '=': 'int'에서 'FLOAT'(으)로 변환하면서 데이터가 손실될 수 있습니다.
d:\ㅁㅇ\휴지통\고등학교\rg동아리홍보프로젝트\project1\project1\gamescene.cpp(63): warning C4244: '=': 'double'에서 'float'(으)로 변환하면서 데이터가 손실될 수 있습니다.
d:\ㅁㅇ\휴지통\고등학교\rg동아리홍보프로젝트\project1\project1\gamescene.cpp(163): warning C4244: '인수': 'int'에서 'FLOAT'(으)로 변환하면서 데이터가 손실될 수 있습니다.
d:\ㅁㅇ\휴지통\고등학교\rg동아리홍보프로젝트\project1\project1\gamescene.cpp(164): warning C4244: '인수': 'int'에서 'FLOAT'(으)로 변환하면서 데이터가 손실될 수 있습니다.
d:\ㅁㅇ\휴지통\고등학교\rg동아리홍보프로젝트\project1\project1\gamescene.cpp(177): warning C4305: '인수': 'double'에서 'FLOAT'(으)로 잘립니다.
d:\ㅁㅇ\휴지통\고등학교\rg동아리홍보프로젝트\project1\project1\gamescene.cpp(197): warning C4244: '인수': 'double'에서 'float'(으)로 변환하면서 데이터가 손실될 수 있습니다.
d:\ㅁㅇ\휴지통\고등학교\rg동아리홍보프로젝트\project1\project1\gamescene.cpp(205): warning C4244: '인수': 'double'에서 'float'(으)로 변환하면서 데이터가 손실될 수 있습니다.
d:\ㅁㅇ\휴지통\고등학교\rg동아리홍보프로젝트\project1\project1\gamescene.cpp(212): warning C4244: '초기화 중': 'double'에서 'float'(으)로 변환하면서 데이터가 손실될 수 있습니다.
d:\ㅁㅇ\휴지통\고등학교\rg동아리홍보프로젝트\project1\project1\gamescene.cpp(215): warning C4305: '+=': 'double'에서 'float'(으)로 잘립니다.
d:\ㅁㅇ\휴지통\고등학교\rg동아리홍보프로젝트\project1\project1\gamescene.cpp(222): warning C4244: '초기화 중': 'int'에서 'float'(으)로 변환하면서 데이터가 손실될 수 있습니다.
d:\ㅁㅇ\휴지통\고등학교\rg동아리홍보프로젝트\project1\project1\gamescene.cpp(233): warning C4305: '+=': 'double'에서 'float'(으)로 잘립니다.
d:\ㅁㅇ\휴지통\고등학교\rg동아리홍보프로젝트\project1\project1\gamescene.cpp(252): warning C4244: '=': 'double'에서 'float'(으)로 변환하면서 데이터가 손실될 수 있습니다.
d:\ㅁㅇ\휴지통\고등학교\rg동아리홍보프로젝트\project1\project1\gamescene.cpp(256): warning C4305: '+=': 'double'에서 'float'(으)로 잘립니다.
d:\ㅁㅇ\휴지통\고등학교\rg동아리홍보프로젝트\project1\project1\gamescene.cpp(265): warning C4244: '=': 'double'에서 'float'(으)로 변환하면서 데이터가 손실될 수 있습니다.
d:\ㅁㅇ\휴지통\고등학교\rg동아리홍보프로젝트\project1\project1\gamescene.cpp(268): warning C4244: '=': 'int'에서 'FLOAT'(으)로 변환하면서 데이터가 손실될 수 있습니다.
d:\ㅁㅇ\휴지통\고등학교\rg동아리홍보프로젝트\project1\project1\gamescene.cpp(269): warning C4244: '=': 'double'에서 'float'(으)로 변환하면서 데이터가 손실될 수 있습니다.
d:\ㅁㅇ\휴지통\고등학교\rg동아리홍보프로젝트\project1\project1\gamescene.cpp(273): warning C4244: '=': 'double'에서 'float'(으)로 변환하면서 데이터가 손실될 수 있습니다.
d:\ㅁㅇ\휴지통\고등학교\rg동아리홍보프로젝트\project1\project1\gamescene.cpp(276): warning C4244: '=': 'int'에서 'FLOAT'(으)로 변환하면서 데이터가 손실될 수 있습니다.
d:\ㅁㅇ\휴지통\고등학교\rg동아리홍보프로젝트\project1\project1\gamescene.cpp(277): warning C4244: '=': 'double'에서 'float'(으)로 변환하면서 데이터가 손실될 수 있습니다.
d:\ㅁㅇ\휴지통\고등학교\rg동아리홍보프로젝트\project1\project1\gamescene.cpp(285): warning C4244: '인수': 'double'에서 'float'(으)로 변환하면서 데이터가 손실될 수 있습니다.
d:\ㅁㅇ\휴지통\고등학교\rg동아리홍보프로젝트\project1\project1\gamescene.cpp(302): warning C4244: '인수': 'float'에서 'int'(으)로 변환하면서 데이터가 손실될 수 있습니다.
d:\ㅁㅇ\휴지통\고등학교\rg동아리홍보프로젝트\project1\project1\gamescene.cpp(309): warning C4244: '인수': 'double'에서 'float'(으)로 변환하면서 데이터가 손실될 수 있습니다.
d:\ㅁㅇ\휴지통\고등학교\rg동아리홍보프로젝트\project1\project1\gamescene.cpp(309): warning C4244: '인수': 'float'에서 'int'(으)로 변환하면서 데이터가 손실될 수 있습니다.
d:\ㅁㅇ\휴지통\고등학교\rg동아리홍보프로젝트\project1\project1\gamescene.cpp(316): warning C4244: '인수': 'float'에서 'int'(으)로 변환하면서 데이터가 손실될 수 있습니다.
d:\ㅁㅇ\휴지통\고등학교\rg동아리홍보프로젝트\project1\project1\gamescene.cpp(323): warning C4244: '인수': 'double'에서 'float'(으)로 변환하면서 데이터가 손실될 수 있습니다.
d:\ㅁㅇ\휴지통\고등학교\rg동아리홍보프로젝트\project1\project1\gamescene.cpp(323): warning C4244: '인수': 'float'에서 'int'(으)로 변환하면서 데이터가 손실될 수 있습니다.
d:\ㅁㅇ\휴지통\고등학교\rg동아리홍보프로젝트\project1\project1\gamescene.cpp(330): warning C4244: '인수': 'float'에서 'int'(으)로 변환하면서 데이터가 손실될 수 있습니다.
d:\ㅁㅇ\휴지통\고등학교\rg동아리홍보프로젝트\project1\project1\gamescene.cpp(337): warning C4244: '인수': 'double'에서 'float'(으)로 변환하면서 데이터가 손실될 수 있습니다.
d:\ㅁㅇ\휴지통\고등학교\rg동아리홍보프로젝트\project1\project1\gamescene.cpp(337): warning C4244: '인수': 'float'에서 'int'(으)로 변환하면서 데이터가 손실될 수 있습니다.
d:\ㅁㅇ\휴지통\고등학교\rg동아리홍보프로젝트\project1\project1\gamescene.cpp(344): warning C4244: '인수': 'float'에서 'int'(으)로 변환하면서 데이터가 손실될 수 있습니다.
d:\ㅁㅇ\휴지통\고등학교\rg동아리홍보프로젝트\project1\project1\gamescene.cpp(351): warning C4244: '인수': 'double'에서 'float'(으)로 변환하면서 데이터가 손실될 수 있습니다.
d:\ㅁㅇ\휴지통\고등학교\rg동아리홍보프로젝트\project1\project1\gamescene.cpp(351): warning C4244: '인수': 'float'에서 'int'(으)로 변환하면서 데이터가 손실될 수 있습니다.
d:\ㅁㅇ\휴지통\고등학교\rg동아리홍보프로젝트\project1\project1\gamescene.cpp(356): warning C4244: '초기화 중': 'double'에서 'float'(으)로 변환하면서 데이터가 손실될 수 있습니다.
d:\ㅁㅇ\휴지통\고등학교\rg동아리홍보프로젝트\project1\project1\gamescene.cpp(361): warning C4244: '인수': 'float'에서 'int'(으)로 변환하면서 데이터가 손실될 수 있습니다.
d:\ㅁㅇ\휴지통\고등학교\rg동아리홍보프로젝트\project1\project1\gamescene.cpp(362): warning C4244: '+=': 'double'에서 'float'(으)로 변환하면서 데이터가 손실될 수 있습니다.
d:\ㅁㅇ\휴지통\고등학교\rg동아리홍보프로젝트\project1\project1\gamescene.cpp(364): warning C4244: '+=': 'double'에서 'float'(으)로 변환하면서 데이터가 손실될 수 있습니다.
  IObject.cpp
  main.cpp
  myFunction.cpp
d:\ㅁㅇ\휴지통\고등학교\rg동아리홍보프로젝트\project1\project1\myfunction.cpp(72): warning C4244: '초기화 중': 'double'에서 'float'(으)로 변환하면서 데이터가 손실될 수 있습니다.
  Player.cpp
d:\ㅁㅇ\휴지통\고등학교\rg동아리홍보프로젝트\project1\project1\player.cpp(10): warning C4244: '=': 'int'에서 'FLOAT'(으)로 변환하면서 데이터가 손실될 수 있습니다.
d:\ㅁㅇ\휴지통\고등학교\rg동아리홍보프로젝트\project1\project1\player.cpp(11): warning C4244: '=': 'int'에서 'FLOAT'(으)로 변환하면서 데이터가 손실될 수 있습니다.
d:\ㅁㅇ\휴지통\고등학교\rg동아리홍보프로젝트\project1\project1\player.cpp(12): warning C4244: '=': 'int'에서 'FLOAT'(으)로 변환하면서 데이터가 손실될 수 있습니다.
d:\ㅁㅇ\휴지통\고등학교\rg동아리홍보프로젝트\project1\project1\player.cpp(13): warning C4244: '=': 'int'에서 'FLOAT'(으)로 변환하면서 데이터가 손실될 수 있습니다.
d:\ㅁㅇ\휴지통\고등학교\rg동아리홍보프로젝트\project1\project1\player.cpp(35): warning C4244: '=': 'int'에서 'FLOAT'(으)로 변환하면서 데이터가 손실될 수 있습니다.
d:\ㅁㅇ\휴지통\고등학교\rg동아리홍보프로젝트\project1\project1\player.cpp(41): warning C4244: '=': 'int'에서 'FLOAT'(으)로 변환하면서 데이터가 손실될 수 있습니다.
d:\ㅁㅇ\휴지통\고등학교\rg동아리홍보프로젝트\project1\project1\player.cpp(58): warning C4244: '=': 'double'에서 'float'(으)로 변환하면서 데이터가 손실될 수 있습니다.
d:\ㅁㅇ\휴지통\고등학교\rg동아리홍보프로젝트\project1\project1\player.cpp(61): warning C4305: '인수': 'double'에서 'FLOAT'(으)로 잘립니다.
  SoundMgr.cpp
  Sprite.cpp
  Timer.cpp
  TitleScene.cpp
d:\ㅁㅇ\휴지통\고등학교\rg동아리홍보프로젝트\project1\project1\titlescene.cpp(15): warning C4244: '=': 'int'에서 'FLOAT'(으)로 변환하면서 데이터가 손실될 수 있습니다.
d:\ㅁㅇ\휴지통\고등학교\rg동아리홍보프로젝트\project1\project1\titlescene.cpp(17): warning C4244: '=': 'int'에서 'FLOAT'(으)로 변환하면서 데이터가 손실될 수 있습니다.
  WinFrame.cpp
  코드를 생성하고 있습니다.
  All 306 functions were compiled because no usable IPDB/IOBJ from previous compilation was found.
  코드를 생성했습니다.
  Project1.vcxproj -> D:\ㅁㅇ\휴지통\고등학교\RG동아리홍보프로젝트\Project1\Release\Project1.exe
